
Running tnm_al203


Fri Feb  7 07:07:17 PM CST 2025
rm: cannot remove 'output/mctal/tnm_al203.mctal': No such file or directory
Starting tnm_al203
 mcnp     ver=6    , ld=02/20/18  02/07/25 19:07:17                   
          Code Name & Version = MCNP_6.20, 6.2.0
          Copyright LANS/LANL/DOE - see output file
  
     _/      _/        _/_/_/       _/      _/       _/_/_/         _/_/_/ 
    _/_/  _/_/      _/             _/_/    _/       _/    _/     _/        
   _/  _/  _/      _/             _/  _/  _/       _/_/_/       _/_/_/     
  _/      _/      _/             _/    _/_/       _/           _/    _/    
 _/      _/        _/_/_/       _/      _/       _/             _/_/       
  
  comment.  Physics models disabled.
 mode n p                                                             
  comment.  photonuclear physics may be needed (phys:p).
 cut:n 1j 0.1                                                         
  warning.  neutron energy cutoff >0 in this neutron-photon problem.
 
  warning.  f8 tally unreliable since neutron transport nonanalog.
  warning.  f8 tally unreliable since neutron transport nonanalog.
 comment. using random number generator  1, initial seed = 8674536546524321    
  comment.  total nubar used if fissionable isotopes are present.
  comment.          97 surfaces were deleted for being the same as others.
  warning.    6000.  c and   6000.50c are both called for.
  warning.   26000.  c and  26000.50c are both called for.
  comment.  threading will be used when possible in portions of mcnp6.
  comment.  threading will be used for n/p/e table physics.
  comment.  threading will generally not be used for model physics.
  comment.  unresolved resonances with variance reduction with f8 tally.
  warning.  Force analog capture for pulse height tallies
  warning.  Pulse-height tally variance reduction forced off. F8 tallies not reliable.
 imcn   is done

  warning.   35079.80c lacks gamma-ray production cross sections.
  warning.   35081.80c lacks gamma-ray production cross sections.
  warning.   57139.80c lacks gamma-ray production cross sections.
  warning.   58140.80c lacks gamma-ray production cross sections.
  warning.  material        4 has been set to a conductor.
  warning.  material        5 has been set to a conductor.
  warning.  material        6 has been set to a conductor.
  warning.  material        7 has been set to a conductor.
  comment.  setting up hash-based fast table search for xsec tables

 ctm =        0.00   nrn =                 0
 dump    1 on file output/runtpe/tnm_al203.runtpe   nps =           0   coll =                0
 xact   is done

 cp0 =   0.09
      run terminated when  1000000000  particle histories were done.

 =====>    1107.18 M histories/hr    (based on wall-clock time in mcrun)


  warning.  random number period exceeded.  decrease stride.
 additional error messages on file output/outp/tnm_al203.outp

 ctm =     1462.96   nrn =      326187998647
 dump    2 on file output/runtpe/tnm_al203.runtpe   nps =  1000000000   coll =      25121268148
 tally data written to file output/mctal/tnm_al203.mctal
 mcrun  is done

tnm_al203 3253

Running tnm_c


Fri Feb  7 08:01:30 PM CST 2025
rm: cannot remove 'output/mctal/tnm_c.mctal': No such file or directory
Starting tnm_c
 mcnp     ver=6    , ld=02/20/18  02/07/25 20:01:30                   
          Code Name & Version = MCNP_6.20, 6.2.0
          Copyright LANS/LANL/DOE - see output file
  
     _/      _/        _/_/_/       _/      _/       _/_/_/         _/_/_/ 
    _/_/  _/_/      _/             _/_/    _/       _/    _/     _/        
   _/  _/  _/      _/             _/  _/  _/       _/_/_/       _/_/_/     
  _/      _/      _/             _/    _/_/       _/           _/    _/    
 _/      _/        _/_/_/       _/      _/       _/             _/_/       
  
  comment.  Physics models disabled.
 mode n p                                                             
  comment.  photonuclear physics may be needed (phys:p).
 cut:n 1j 0.1                                                         
  warning.  neutron energy cutoff >0 in this neutron-photon problem.
 
  warning.  f8 tally unreliable since neutron transport nonanalog.
  warning.  f8 tally unreliable since neutron transport nonanalog.
 comment. using random number generator  1, initial seed = 8674536546524321    
  comment.  total nubar used if fissionable isotopes are present.
  comment.          97 surfaces were deleted for being the same as others.
  warning.    6000.  c and   6000.50c are both called for.
  warning.   26000.  c and  26000.50c are both called for.
  comment.  threading will be used when possible in portions of mcnp6.
  comment.  threading will be used for n/p/e table physics.
  comment.  threading will generally not be used for model physics.
  comment.  unresolved resonances with variance reduction with f8 tally.
  warning.  Force analog capture for pulse height tallies
  warning.  Pulse-height tally variance reduction forced off. F8 tallies not reliable.
 imcn   is done

  warning.   35079.80c lacks gamma-ray production cross sections.
  warning.   35081.80c lacks gamma-ray production cross sections.
  warning.   57139.80c lacks gamma-ray production cross sections.
  warning.   58140.80c lacks gamma-ray production cross sections.
  warning.  material        1 has been set to a conductor.
  warning.  material        4 has been set to a conductor.
  warning.  material        5 has been set to a conductor.
  warning.  material        6 has been set to a conductor.
  warning.  material        7 has been set to a conductor.
  comment.  setting up hash-based fast table search for xsec tables

 ctm =        0.00   nrn =                 0
 dump    1 on file output/runtpe/tnm_c.runtpe   nps =           0   coll =                0
 xact   is done

 cp0 =   0.09
      run terminated when  1000000000  particle histories were done.

 =====>    1619.86 M histories/hr    (based on wall-clock time in mcrun)


 additional error messages on file output/outp/tnm_c.outp

 ctm =      999.94   nrn =      226758462863
 dump    2 on file output/runtpe/tnm_c.runtpe   nps =  1000000000   coll =      20198940305
 tally data written to file output/mctal/tnm_c.mctal
 mcrun  is done

tnm_c 2223

Running tnm_si


Fri Feb  7 08:38:33 PM CST 2025
rm: cannot remove 'output/mctal/tnm_si.mctal': No such file or directory
rm: cannot remove 'output/runtpe/tnm_si.runtpe': No such file or directory
Starting tnm_si
 mcnp     ver=6    , ld=02/20/18  02/07/25 20:38:33                   
          Code Name & Version = MCNP_6.20, 6.2.0
          Copyright LANS/LANL/DOE - see output file
  
     _/      _/        _/_/_/       _/      _/       _/_/_/         _/_/_/ 
    _/_/  _/_/      _/             _/_/    _/       _/    _/     _/        
   _/  _/  _/      _/             _/  _/  _/       _/_/_/       _/_/_/     
  _/      _/      _/             _/    _/_/       _/           _/    _/    
 _/      _/        _/_/_/       _/      _/       _/             _/_/       
  
  comment.  Physics models disabled.
 mode n p                                                             
  comment.  photonuclear physics may be needed (phys:p).
 cut:n 1j 0.1                                                         
  warning.  neutron energy cutoff >0 in this neutron-photon problem.
 
  warning.  f8 tally unreliable since neutron transport nonanalog.
  warning.  f8 tally unreliable since neutron transport nonanalog.
 comment. using random number generator  1, initial seed = 8674536546524321    
  comment.  total nubar used if fissionable isotopes are present.
  comment.          97 surfaces were deleted for being the same as others.
  warning.    6000.  c and   6000.50c are both called for.
  warning.   14000.  c and  14000.60c are both called for.
  warning.   26000.  c and  26000.50c are both called for.
  comment.  threading will be used when possible in portions of mcnp6.
  comment.  threading will be used for n/p/e table physics.
  comment.  threading will generally not be used for model physics.
  comment.  unresolved resonances with variance reduction with f8 tally.
  warning.  Force analog capture for pulse height tallies
  warning.  Pulse-height tally variance reduction forced off. F8 tallies not reliable.
 imcn   is done

  warning.   35079.80c lacks gamma-ray production cross sections.
  warning.   35081.80c lacks gamma-ray production cross sections.
  warning.   57139.80c lacks gamma-ray production cross sections.
  warning.   58140.80c lacks gamma-ray production cross sections.
  warning.  material        1 has been set to a conductor.
  warning.  material        4 has been set to a conductor.
  warning.  material        5 has been set to a conductor.
  warning.  material        6 has been set to a conductor.
  warning.  material        7 has been set to a conductor.
  comment.  setting up hash-based fast table search for xsec tables

 ctm =        0.00   nrn =                 0
 dump    1 on file output/runtpe/tnm_si.runtpe   nps =           0   coll =                0
 xact   is done

 cp0 =   0.10
      run terminated when  1000000000  particle histories were done.

 =====>    1095.13 M histories/hr    (based on wall-clock time in mcrun)


 additional error messages on file output/outp/tnm_si.outp

 ctm =     1479.07   nrn =      313162680534
 dump    2 on file output/runtpe/tnm_si.runtpe   nps =  1000000000   coll =      24906814941
 tally data written to file output/mctal/tnm_si.mctal
 mcrun  is done

tnm_si 3288

Running tnm_c50si50


Sun Feb  9 04:31:22 PM CST 2025
rm: cannot remove 'output/outp/tnm_c50si50.outp': No such file or directory
rm: cannot remove 'output/runtpe/tnm_c50si50.runtpe': No such file or directory
Starting tnm_c50si50
 mcnp     ver=6    , ld=02/20/18  02/09/25 16:31:22                   
          Code Name & Version = MCNP_6.20, 6.2.0
          Copyright LANS/LANL/DOE - see output file
  
     _/      _/        _/_/_/       _/      _/       _/_/_/         _/_/_/ 
    _/_/  _/_/      _/             _/_/    _/       _/    _/     _/        
   _/  _/  _/      _/             _/  _/  _/       _/_/_/       _/_/_/     
  _/      _/      _/             _/    _/_/       _/           _/    _/    
 _/      _/        _/_/_/       _/      _/       _/             _/_/       
  
  comment.  Physics models disabled.
 mode n p                                                             
  comment.  photonuclear physics may be needed (phys:p).
 cut:n 1j 0.1                                                         
  warning.  neutron energy cutoff >0 in this neutron-photon problem.
 
  warning.  f8 tally unreliable since neutron transport nonanalog.
  warning.  f8 tally unreliable since neutron transport nonanalog.
 comment. using random number generator  1, initial seed = 8674536546524321    
  comment.  total nubar used if fissionable isotopes are present.
  comment.          97 surfaces were deleted for being the same as others.
  warning.    6000.  c and   6000.50c are both called for.
  warning.   14000.  c and  14000.60c are both called for.
  warning.   26000.  c and  26000.50c are both called for.
  comment.  threading will be used when possible in portions of mcnp6.
  comment.  threading will be used for n/p/e table physics.
  comment.  threading will generally not be used for model physics.
  comment.  unresolved resonances with variance reduction with f8 tally.
  warning.  Force analog capture for pulse height tallies
  warning.  Pulse-height tally variance reduction forced off. F8 tallies not reliable.
 imcn   is done

  warning.   35079.80c lacks gamma-ray production cross sections.
  warning.   35081.80c lacks gamma-ray production cross sections.
  warning.   57139.80c lacks gamma-ray production cross sections.
  warning.   58140.80c lacks gamma-ray production cross sections.
  warning.  material        1 has been set to a conductor.
  warning.  material        4 has been set to a conductor.
  warning.  material        5 has been set to a conductor.
  warning.  material        6 has been set to a conductor.
  warning.  material        7 has been set to a conductor.
  comment.  setting up hash-based fast table search for xsec tables

 ctm =        0.00   nrn =                 0
 dump    1 on file output/runtpe/tnm_c50si50.runtpe   nps =           0   coll =                0
 xact   is done

 cp0 =   0.09
      run terminated when  1000000000  particle histories were done.

 =====>    1203.83 M histories/hr    (based on wall-clock time in mcrun)


 additional error messages on file output/outp/tnm_c50si50.outp

 ctm =     1345.35   nrn =      307343245641
 dump    2 on file output/runtpe/tnm_c50si50.runtpe   nps =  1000000000   coll =      23535374452
 tally data written to file output/mctal/tnm_c50si50.mctal
 mcrun  is done

tnm_c50si50 2991

Running tnm_c50si50


Sun Feb 16 10:14:08 PM CST 2025
rm: cannot remove 'output/mctal/tnm_c50si50.mctal': No such file or directory
Starting tnm_c50si50
 mcnp     ver=6    , ld=02/20/18  02/16/25 22:14:08                   
          Code Name & Version = MCNP_6.20, 6.2.0
          Copyright LANS/LANL/DOE - see output file
  
     _/      _/        _/_/_/       _/      _/       _/_/_/         _/_/_/ 
    _/_/  _/_/      _/             _/_/    _/       _/    _/     _/        
   _/  _/  _/      _/             _/  _/  _/       _/_/_/       _/_/_/     
  _/      _/      _/             _/    _/_/       _/           _/    _/    
 _/      _/        _/_/_/       _/      _/       _/             _/_/       
  
  comment.  Physics models disabled.
 mode n p                                                             
  comment.  photonuclear physics may be needed (phys:p).
 cut:n 1j 0.1                                                         
  warning.  neutron energy cutoff >0 in this neutron-photon problem.
 
  warning.  f8 tally unreliable since neutron transport nonanalog.
  warning.  f8 tally unreliable since neutron transport nonanalog.
 comment. using random number generator  1, initial seed = 8674536546524321    
  comment.  total nubar used if fissionable isotopes are present.
  comment.          97 surfaces were deleted for being the same as others.
  warning.    6000.  c and   6000.50c are both called for.
  warning.   14000.  c and  14000.60c are both called for.
  warning.   26000.  c and  26000.50c are both called for.
  comment.  threading will be used when possible in portions of mcnp6.
  comment.  threading will be used for n/p/e table physics.
  comment.  threading will generally not be used for model physics.
  comment.  unresolved resonances with variance reduction with f8 tally.
  warning.  Force analog capture for pulse height tallies
  warning.  Pulse-height tally variance reduction forced off. F8 tallies not reliable.
 imcn   is done

  warning.   35079.80c lacks gamma-ray production cross sections.
  warning.   35081.80c lacks gamma-ray production cross sections.
  warning.   57139.80c lacks gamma-ray production cross sections.
  warning.   58140.80c lacks gamma-ray production cross sections.
  warning.  material        1 has been set to a conductor.
  warning.  material        4 has been set to a conductor.
  warning.  material        5 has been set to a conductor.
  warning.  material        6 has been set to a conductor.
  warning.  material        7 has been set to a conductor.
  comment.  setting up hash-based fast table search for xsec tables

 ctm =        0.00   nrn =                 0
 dump    1 on file output/runtpe/tnm_c50si50.runtpe   nps =           0   coll =                0
 xact   is done

 cp0 =   0.09
      run terminated when  1000000000  particle histories were done.

 =====>    1300.31 M histories/hr    (based on wall-clock time in mcrun)


 additional error messages on file output/outp/tnm_c50si50.outp

 ctm =     1245.66   nrn =      284943913790
 dump    2 on file output/runtpe/tnm_c50si50.runtpe   nps =  1000000000   coll =      22266543844
 tally data written to file output/mctal/tnm_c50si50.mctal
 mcrun  is done

tnm_c50si50 2769
