
Running tnm_c


Thu Mar 13 09:33:15 PM CDT 2025
rm: cannot remove 'output/outp/tnm_c.outp': No such file or directory
rm: cannot remove 'output/mctal/tnm_c.mctal': No such file or directory
rm: cannot remove 'output/runtpe/tnm_c.runtpe': No such file or directory
Starting tnm_c
 mcnp     ver=6    , ld=02/20/18  03/13/25 21:33:15                   
          Code Name & Version = MCNP_6.20, 6.2.0
          Copyright LANS/LANL/DOE - see output file
  
     _/      _/        _/_/_/       _/      _/       _/_/_/         _/_/_/ 
    _/_/  _/_/      _/             _/_/    _/       _/    _/     _/        
   _/  _/  _/      _/             _/  _/  _/       _/_/_/       _/_/_/     
  _/      _/      _/             _/    _/_/       _/           _/    _/    
 _/      _/        _/_/_/       _/      _/       _/             _/_/       
  
  comment.  Physics models disabled.
 mode n p                                                             
  comment.  photonuclear physics may be needed (phys:p).
 cut:n 1j 0.1                                                         
  warning.  neutron energy cutoff >0 in this neutron-photon problem.
 
  warning.  f8 tally unreliable since neutron transport nonanalog.
 e4 0 1e-5 932i 8.4295                                                
  fatal error.  there is no f card corresponding to this card.
 comment. using random number generator  1, initial seed = 8674536546524321    
 
  comment.  total nubar used if fissionable isotopes are present.
  comment.          97 surfaces were deleted for being the same as others.
  warning.    6000.  c and   6000.50c are both called for.
  warning.   26000.  c and  26000.50c are both called for.
  comment.  threading will be used when possible in portions of mcnp6.
  comment.  threading will be used for n/p/e table physics.
  comment.  threading will generally not be used for model physics.
  comment.  unresolved resonances with variance reduction with f8 tally.
  warning.  Force analog capture for pulse height tallies
  warning.  Pulse-height tally variance reduction forced off. F8 tallies not reliable.
 imcn   is done

  warning.   35079.80c lacks gamma-ray production cross sections.
  warning.   35081.80c lacks gamma-ray production cross sections.
  warning.   57139.80c lacks gamma-ray production cross sections.
  warning.   58140.80c lacks gamma-ray production cross sections.
  warning.  material        1 has been set to a conductor.
  warning.  material        4 has been set to a conductor.
  warning.  material        5 has been set to a conductor.
  warning.  material        6 has been set to a conductor.
  warning.  material        7 has been set to a conductor.
 xact   is done

tnm_c 1

Running tnm_si


Thu Mar 13 09:33:16 PM CDT 2025
rm: cannot remove 'output/outp/tnm_si.outp': No such file or directory
rm: cannot remove 'output/mctal/tnm_si.mctal': No such file or directory
rm: cannot remove 'output/runtpe/tnm_si.runtpe': No such file or directory
Starting tnm_si
 mcnp     ver=6    , ld=02/20/18  03/13/25 21:33:16                   
          Code Name & Version = MCNP_6.20, 6.2.0
          Copyright LANS/LANL/DOE - see output file
  
     _/      _/        _/_/_/       _/      _/       _/_/_/         _/_/_/ 
    _/_/  _/_/      _/             _/_/    _/       _/    _/     _/        
   _/  _/  _/      _/             _/  _/  _/       _/_/_/       _/_/_/     
  _/      _/      _/             _/    _/_/       _/           _/    _/    
 _/      _/        _/_/_/       _/      _/       _/             _/_/       
  
  comment.  Physics models disabled.
 mode n p                                                             
  comment.  photonuclear physics may be needed (phys:p).
 cut:n 1j 0.1                                                         
  warning.  neutron energy cutoff >0 in this neutron-photon problem.
 
  warning.  f8 tally unreliable since neutron transport nonanalog.
 e4 0 1e-5 932i 8.4295                                                
  fatal error.  there is no f card corresponding to this card.
 comment. using random number generator  1, initial seed = 8674536546524321    
 
  comment.  total nubar used if fissionable isotopes are present.
  comment.          97 surfaces were deleted for being the same as others.
  warning.    6000.  c and   6000.50c are both called for.
  warning.   14000.  c and  14000.60c are both called for.
  warning.   26000.  c and  26000.50c are both called for.
  comment.  threading will be used when possible in portions of mcnp6.
  comment.  threading will be used for n/p/e table physics.
  comment.  threading will generally not be used for model physics.
  comment.  unresolved resonances with variance reduction with f8 tally.
  warning.  Force analog capture for pulse height tallies
  warning.  Pulse-height tally variance reduction forced off. F8 tallies not reliable.
 imcn   is done

  warning.   35079.80c lacks gamma-ray production cross sections.
  warning.   35081.80c lacks gamma-ray production cross sections.
  warning.   57139.80c lacks gamma-ray production cross sections.
  warning.   58140.80c lacks gamma-ray production cross sections.
  warning.  material        1 has been set to a conductor.
  warning.  material        4 has been set to a conductor.
  warning.  material        5 has been set to a conductor.
  warning.  material        6 has been set to a conductor.
  warning.  material        7 has been set to a conductor.
 xact   is done

tnm_si 1

Running tnm_n


Thu Mar 13 09:33:17 PM CDT 2025
rm: cannot remove 'output/outp/tnm_n.outp': No such file or directory
rm: cannot remove 'output/mctal/tnm_n.mctal': No such file or directory
rm: cannot remove 'output/runtpe/tnm_n.runtpe': No such file or directory
Starting tnm_n
 mcnp     ver=6    , ld=02/20/18  03/13/25 21:33:17                   
          Code Name & Version = MCNP_6.20, 6.2.0
          Copyright LANS/LANL/DOE - see output file
  
     _/      _/        _/_/_/       _/      _/       _/_/_/         _/_/_/ 
    _/_/  _/_/      _/             _/_/    _/       _/    _/     _/        
   _/  _/  _/      _/             _/  _/  _/       _/_/_/       _/_/_/     
  _/      _/      _/             _/    _/_/       _/           _/    _/    
 _/      _/        _/_/_/       _/      _/       _/             _/_/       
  
  comment.  Physics models disabled.
 mode n p                                                             
  comment.  photonuclear physics may be needed (phys:p).
 cut:n 1j 0.1                                                         
  warning.  neutron energy cutoff >0 in this neutron-photon problem.
 
  warning.  f8 tally unreliable since neutron transport nonanalog.
 e4 0 1e-5 932i 8.4295                                                
  fatal error.  there is no f card corresponding to this card.
 comment. using random number generator  1, initial seed = 8674536546524321    
 
  comment.  total nubar used if fissionable isotopes are present.
  comment.          97 surfaces were deleted for being the same as others.
  warning.    6000.  c and   6000.50c are both called for.
  warning.   26000.  c and  26000.50c are both called for.
  comment.  threading will be used when possible in portions of mcnp6.
  comment.  threading will be used for n/p/e table physics.
  comment.  threading will generally not be used for model physics.
  comment.  unresolved resonances with variance reduction with f8 tally.
  warning.  Force analog capture for pulse height tallies
  warning.  Pulse-height tally variance reduction forced off. F8 tallies not reliable.
 imcn   is done

  warning.   35079.80c lacks gamma-ray production cross sections.
  warning.   35081.80c lacks gamma-ray production cross sections.
  warning.   57139.80c lacks gamma-ray production cross sections.
  warning.   58140.80c lacks gamma-ray production cross sections.
  warning.  material        4 has been set to a conductor.
  warning.  material        5 has been set to a conductor.
  warning.  material        6 has been set to a conductor.
  warning.  material        7 has been set to a conductor.
 xact   is done

tnm_n 1

Running tnm_c


Thu Mar 13 09:34:41 PM CDT 2025
rm: cannot remove 'output/mctal/tnm_c.mctal': No such file or directory
rm: cannot remove 'output/runtpe/tnm_c.runtpe': No such file or directory
Starting tnm_c
 mcnp     ver=6    , ld=02/20/18  03/13/25 21:34:41                   
          Code Name & Version = MCNP_6.20, 6.2.0
          Copyright LANS/LANL/DOE - see output file
  
     _/      _/        _/_/_/       _/      _/       _/_/_/         _/_/_/ 
    _/_/  _/_/      _/             _/_/    _/       _/    _/     _/        
   _/  _/  _/      _/             _/  _/  _/       _/_/_/       _/_/_/     
  _/      _/      _/             _/    _/_/       _/           _/    _/    
 _/      _/        _/_/_/       _/      _/       _/             _/_/       
  
  comment.  Physics models disabled.
 mode n p                                                             
  comment.  photonuclear physics may be needed (phys:p).
 cut:n 1j 0.1                                                         
  warning.  neutron energy cutoff >0 in this neutron-photon problem.
 
  warning.  f8 tally unreliable since neutron transport nonanalog.
 comment. using random number generator  1, initial seed = 8674536546524321    
  comment.  total nubar used if fissionable isotopes are present.
  comment.          97 surfaces were deleted for being the same as others.
  warning.    6000.  c and   6000.50c are both called for.
  warning.   26000.  c and  26000.50c are both called for.
  comment.  threading will be used when possible in portions of mcnp6.
  comment.  threading will be used for n/p/e table physics.
  comment.  threading will generally not be used for model physics.
  comment.  unresolved resonances with variance reduction with f8 tally.
  warning.  Force analog capture for pulse height tallies
  warning.  Pulse-height tally variance reduction forced off. F8 tallies not reliable.
 imcn   is done

  warning.   35079.80c lacks gamma-ray production cross sections.
  warning.   35081.80c lacks gamma-ray production cross sections.
  warning.   57139.80c lacks gamma-ray production cross sections.
  warning.   58140.80c lacks gamma-ray production cross sections.
  warning.  material        1 has been set to a conductor.
  warning.  material        4 has been set to a conductor.
  warning.  material        5 has been set to a conductor.
  warning.  material        6 has been set to a conductor.
  warning.  material        7 has been set to a conductor.
  comment.  setting up hash-based fast table search for xsec tables

 ctm =        0.00   nrn =                 0
 dump    1 on file output/runtpe/tnm_c.runtpe   nps =           0   coll =                0
 xact   is done

 cp0 =   0.10
      run terminated when  1000000000  particle histories were done.

 =====>    1628.29 M histories/hr    (based on wall-clock time in mcrun)


  warning.  random number period exceeded.  decrease stride.
  warning.  14 photons from neutron collisions were created below a local photon energy cutoff and were not followed.
 additional error messages on file output/outp/tnm_c.outp

 ctm =     1031.33   nrn =      226758462863
 dump    2 on file output/runtpe/tnm_c.runtpe   nps =  1000000000   coll =      20198940305
 tally data written to file output/mctal/tnm_c.mctal
 mcrun  is done

tnm_c 2212

Running tnm_si


Thu Mar 13 10:11:33 PM CDT 2025
rm: cannot remove 'output/mctal/tnm_si.mctal': No such file or directory
rm: cannot remove 'output/runtpe/tnm_si.runtpe': No such file or directory
Starting tnm_si
 mcnp     ver=6    , ld=02/20/18  03/13/25 22:11:33                   
          Code Name & Version = MCNP_6.20, 6.2.0
          Copyright LANS/LANL/DOE - see output file
  
     _/      _/        _/_/_/       _/      _/       _/_/_/         _/_/_/ 
    _/_/  _/_/      _/             _/_/    _/       _/    _/     _/        
   _/  _/  _/      _/             _/  _/  _/       _/_/_/       _/_/_/     
  _/      _/      _/             _/    _/_/       _/           _/    _/    
 _/      _/        _/_/_/       _/      _/       _/             _/_/       
  
  comment.  Physics models disabled.
 mode n p                                                             
  comment.  photonuclear physics may be needed (phys:p).
 cut:n 1j 0.1                                                         
  warning.  neutron energy cutoff >0 in this neutron-photon problem.
 
  warning.  f8 tally unreliable since neutron transport nonanalog.
 comment. using random number generator  1, initial seed = 8674536546524321    
  comment.  total nubar used if fissionable isotopes are present.
  comment.          97 surfaces were deleted for being the same as others.
  warning.    6000.  c and   6000.50c are both called for.
  warning.   14000.  c and  14000.60c are both called for.
  warning.   26000.  c and  26000.50c are both called for.
  comment.  threading will be used when possible in portions of mcnp6.
  comment.  threading will be used for n/p/e table physics.
  comment.  threading will generally not be used for model physics.
  comment.  unresolved resonances with variance reduction with f8 tally.
  warning.  Force analog capture for pulse height tallies
  warning.  Pulse-height tally variance reduction forced off. F8 tallies not reliable.
 imcn   is done

  warning.   35079.80c lacks gamma-ray production cross sections.
  warning.   35081.80c lacks gamma-ray production cross sections.
  warning.   57139.80c lacks gamma-ray production cross sections.
  warning.   58140.80c lacks gamma-ray production cross sections.
  warning.  material        1 has been set to a conductor.
  warning.  material        4 has been set to a conductor.
  warning.  material        5 has been set to a conductor.
  warning.  material        6 has been set to a conductor.
  warning.  material        7 has been set to a conductor.
  comment.  setting up hash-based fast table search for xsec tables

 ctm =        0.00   nrn =                 0
 dump    1 on file output/runtpe/tnm_si.runtpe   nps =           0   coll =                0
 xact   is done

 cp0 =   0.09
      run terminated when  1000000000  particle histories were done.

 =====>    1112.94 M histories/hr    (based on wall-clock time in mcrun)


  warning.  random number period exceeded.  decrease stride.
  warning.  10136 photons from neutron collisions were created below a local photon energy cutoff and were not followed.

 ctm =     1509.24   nrn =      313162680534
 dump    2 on file output/runtpe/tnm_si.runtpe   nps =  1000000000   coll =      24906814941
 tally data written to file output/mctal/tnm_si.mctal
 mcrun  is done

tnm_si 3235

Running tnm_n


Thu Mar 13 11:05:28 PM CDT 2025
rm: cannot remove 'output/mctal/tnm_n.mctal': No such file or directory
rm: cannot remove 'output/runtpe/tnm_n.runtpe': No such file or directory
Starting tnm_n
 mcnp     ver=6    , ld=02/20/18  03/13/25 23:05:28                   
          Code Name & Version = MCNP_6.20, 6.2.0
          Copyright LANS/LANL/DOE - see output file
  
     _/      _/        _/_/_/       _/      _/       _/_/_/         _/_/_/ 
    _/_/  _/_/      _/             _/_/    _/       _/    _/     _/        
   _/  _/  _/      _/             _/  _/  _/       _/_/_/       _/_/_/     
  _/      _/      _/             _/    _/_/       _/           _/    _/    
 _/      _/        _/_/_/       _/      _/       _/             _/_/       
  
  comment.  Physics models disabled.
 mode n p                                                             
  comment.  photonuclear physics may be needed (phys:p).
 cut:n 1j 0.1                                                         
  warning.  neutron energy cutoff >0 in this neutron-photon problem.
 
  warning.  f8 tally unreliable since neutron transport nonanalog.
 comment. using random number generator  1, initial seed = 8674536546524321    
  comment.  total nubar used if fissionable isotopes are present.
  comment.          97 surfaces were deleted for being the same as others.
  warning.    6000.  c and   6000.50c are both called for.
  warning.   26000.  c and  26000.50c are both called for.
  comment.  threading will be used when possible in portions of mcnp6.
  comment.  threading will be used for n/p/e table physics.
  comment.  threading will generally not be used for model physics.
  comment.  unresolved resonances with variance reduction with f8 tally.
  warning.  Force analog capture for pulse height tallies
  warning.  Pulse-height tally variance reduction forced off. F8 tallies not reliable.
 imcn   is done

  warning.   35079.80c lacks gamma-ray production cross sections.
  warning.   35081.80c lacks gamma-ray production cross sections.
  warning.   57139.80c lacks gamma-ray production cross sections.
  warning.   58140.80c lacks gamma-ray production cross sections.
  warning.  material        4 has been set to a conductor.
  warning.  material        5 has been set to a conductor.
  warning.  material        6 has been set to a conductor.
  warning.  material        7 has been set to a conductor.
  comment.  setting up hash-based fast table search for xsec tables

 ctm =        0.00   nrn =                 0
 dump    1 on file output/runtpe/tnm_n.runtpe   nps =           0   coll =                0
 xact   is done

 cp0 =   0.10
      run terminated when  1000000000  particle histories were done.

 =====>    1598.55 M histories/hr    (based on wall-clock time in mcrun)


  warning.  random number period exceeded.  decrease stride.
  warning.  12 photons from neutron collisions were created below a local photon energy cutoff and were not followed.
  warning.     1 of   1 tallies had bins with large relative errors.

 ctm =     1050.73   nrn =      202377006029
 dump    2 on file output/runtpe/tnm_n.runtpe   nps =  1000000000   coll =      16622234614
 tally data written to file output/mctal/tnm_n.mctal
 mcrun  is done

tnm_n 2253
